[2024-03-10T18:54:21.356007+00:00] registro_logs.INFO: agent1@bgn.com -- fez logout [] []
[2024-03-10T18:54:37.767966+00:00] registro_logs.ERROR: admin@bng.com -- login invalido [] []
[2024-03-10T18:55:32.928309+00:00] registro_logs.INFO: admin@bng.com -- login com sucesso  [] []
[2024-03-10T18:57:01.785756+00:00] registro_logs.INFO: admin@bng.com -- fez logout [] []
[2024-03-10T18:57:06.144830+00:00] registro_logs.INFO:  -- fez logout [] []
[2024-03-10T18:59:02.425020+00:00] registro_logs.INFO: admin@bng.com -- login com sucesso  [] []
[2024-03-10T18:59:03.902166+00:00] registro_logs.INFO: admin@bng.com -- fez logout [] []
[2024-03-10T19:04:25.534659+00:00] registro_logs.INFO: admin@bng.com -- login com sucesso  [] []
[2024-03-10T19:04:31.898231+00:00] registro_logs.INFO: admin@bng.com -- fez logout [] []
[2024-03-10T19:04:38.265409+00:00] registro_logs.ERROR: agent1@bng.com -- login invalido [] []
[2024-03-10T19:04:48.846618+00:00] registro_logs.ERROR: agent1@bng.com -- login invalido [] []
[2024-03-10T19:04:55.164475+00:00] registro_logs.ERROR: agente1@bng.com -- login invalido [] []
[2024-03-10T19:05:27.354294+00:00] registro_logs.ERROR: agente1@bng.com -- login invalido [] []
[2024-03-10T19:05:36.526205+00:00] registro_logs.INFO: agent1@bgn.com -- login com sucesso  [] []
[2024-03-10T19:05:44.343669+00:00] registro_logs.INFO: agent1@bgn.com -- fez logout [] []
[2024-03-10T19:06:09.292552+00:00] registro_logs.INFO: agent1@bgn.com -- login com sucesso  [] []
[2024-03-10T19:14:02.699323+00:00] registro_logs.INFO: agent1@bgn.com -- fez logout [] []
[2024-03-10T19:14:10.712571+00:00] registro_logs.INFO: agent1@bgn.com -- login com sucesso  [] []
[2024-03-20T00:39:51.011360+00:00] registro_logs.INFO: agent1@bgn.com -- login com sucesso  [] []
[2024-03-22T15:31:15.807343+00:00] registro_logs.INFO: agent1@bgn.com -- login com sucesso  [] []
[2024-03-24T16:25:10.115544+00:00] registro_logs.INFO: agent1@bgn.com -- login com sucesso  [] []
[2024-03-27T21:46:30.564408+00:00] registro_logs.INFO: agent1@bgn.com -- login com sucesso  [] []
[2024-03-27T21:54:08.987479+00:00] registro_logs.INFO: agent1@bgn.com -- fez logout [] []
[2024-03-27T21:54:19.672452+00:00] registro_logs.INFO: agent2@bng.com -- login com sucesso  [] []
[2024-03-27T21:54:23.664392+00:00] registro_logs.INFO: agent2@bng.com -- fez logout [] []
[2024-03-27T21:54:29.206891+00:00] registro_logs.INFO: agent2@bng.com -- login com sucesso  [] []
[2024-03-27T21:58:04.192313+00:00] registro_logs.INFO: agent2@bng.com -- fez logout [] []
[2024-03-27T21:58:10.073305+00:00] registro_logs.ERROR: agent3@bng.com -- login invalido [] []
[2024-03-27T21:58:15.720806+00:00] registro_logs.INFO: agent2@bng.com -- login com sucesso  [] []
[2024-04-02T18:01:12.798396+00:00] registro_logs.INFO: agent1@bgn.com -- login com sucesso  [] []
